DEBUG:root:Initial state:
	Robber1:	(7, 7)
	Robber2:	(1, 1)
	A:	(4, 3)
	P:	(1, 7)
	Round:	1
	Turn:	A
DEBUG:root:Beginning simulation.
DEBUG:root:graph_search
DEBUG:root:Parameters:1000
	<function heuristic at 0x046DD618>
	None

DEBUG:root:Action: A	A-L
DEBUG:root:New state: *********
*R**** P*
*    * **
* ** * **
* A     *
* * *** *
* * *** *
* *    R*
*********
[(4, 2), (1, 7), 2]


DEBUG:root:Action: P	P-L
DEBUG:root:New state: *********
*R****P *
*    * **
* ** * **
* A     *
* * *** *
* * *** *
* *    R*
*********
[(4, 2), (1, 6), 3]


DEBUG:root:graph_search
DEBUG:root:Parameters:1000
	<function heuristic at 0x046DD618>
	<Val:83.98 Vis:238>	Robber1:	(7, 7)
	Robber2:	(1, 1)
	A:	(4, 2)
	P:	(1, 6)
	Round:	3
	Turn:	A
	Models:	{'P': 0.5	0.5}

DEBUG:root:Action: A	A-W
DEBUG:root:New state: *********
*R****P *
*    * **
* ** * **
* A     *
* * *** *
* * *** *
* *    R*
*********
[(4, 2), (1, 6), 4]


DEBUG:root:Action: P	P-D
DEBUG:root:New state: *********
*R****  *
*    *P**
* ** * **
* A     *
* * *** *
* * *** *
* *    R*
*********
[(4, 2), (2, 6), 5]


DEBUG:root:graph_search
DEBUG:root:Parameters:1000
	<function heuristic at 0x046DD618>
	<Val:80.99 Vis:130>	Robber1:	(7, 7)
	Robber2:	(1, 1)
	A:	(4, 2)
	P:	(2, 6)
	Round:	5
	Turn:	A
	Models:	{'P': 0.009999999999999992	0.99}

DEBUG:root:Action: A	A-R
DEBUG:root:New state: *********
*R****  *
*    *P**
* ** * **
*  A    *
* * *** *
* * *** *
* *    R*
*********
[(4, 3), (2, 6), 6]


DEBUG:root:Action: P	P-D
DEBUG:root:New state: *********
*R****  *
*    * **
* ** *P**
*  A    *
* * *** *
* * *** *
* *    R*
*********
[(4, 3), (3, 6), 7]


DEBUG:root:graph_search
DEBUG:root:Parameters:1000
	<function heuristic at 0x046DD618>
	<Val:77.57 Vis:115>	Robber1:	(7, 7)
	Robber2:	(1, 1)
	A:	(4, 3)
	P:	(3, 6)
	Round:	7
	Turn:	A
	Models:	{'P': 0.99	0.010000000000000042}

DEBUG:root:Action: A	A-W
DEBUG:root:New state: *********
*R****  *
*    * **
* ** *P**
*  A    *
* * *** *
* * *** *
* *    R*
*********
[(4, 3), (3, 6), 8]


DEBUG:root:Action: P	P-D
DEBUG:root:New state: *********
*R****  *
*    * **
* ** * **
*  A  P *
* * *** *
* * *** *
* *    R*
*********
[(4, 3), (4, 6), 9]


DEBUG:root:graph_search
DEBUG:root:Parameters:1000
	<function heuristic at 0x046DD618>
	<Val:74.54 Vis:143>	Robber1:	(7, 7)
	Robber2:	(1, 1)
	A:	(4, 3)
	P:	(4, 6)
	Round:	9
	Turn:	A
	Models:	{'P': 0.009999999999999959	0.99}

DEBUG:root:Action: A	A-R
DEBUG:root:New state: *********
*R****  *
*    * **
* ** * **
*   A P *
* * *** *
* * *** *
* *    R*
*********
[(4, 4), (4, 6), 10]


DEBUG:root:Action: P	P-L
DEBUG:root:New state: *********
*R****  *
*    * **
* ** * **
*   AP  *
* * *** *
* * *** *
* *    R*
*********
[(4, 4), (4, 5), 11]


DEBUG:root:graph_search
DEBUG:root:Parameters:1000
	<function heuristic at 0x046DD618>
	<Val:73.03 Vis:232>	Robber1:	(7, 7)
	Robber2:	(1, 1)
	A:	(4, 4)
	P:	(4, 5)
	Round:	11
	Turn:	A
	Models:	{'P': 0.00010201999591919969	0.9998979800040808}

DEBUG:root:Action: A	A-L
DEBUG:root:New state: *********
*R****  *
*    * **
* ** * **
*  A P  *
* * *** *
* * *** *
* *    R*
*********
[(4, 3), (4, 5), 12]


DEBUG:root:Action: P	P-W
DEBUG:root:New state: *********
*R****  *
*    * **
* ** * **
*  A P  *
* * *** *
* * *** *
* *    R*
*********
[(4, 3), (4, 5), 13]


DEBUG:root:graph_search
DEBUG:root:Parameters:1000
	<function heuristic at 0x046DD618>
	<Val:0.74 Vis:9>	Robber1:	(7, 7)
	Robber2:	(1, 1)
	A:	(4, 3)
	P:	(4, 5)
	Round:	13
	Turn:	A
	Models:	{'P': 0.009999999999999955	0.99}

DEBUG:root:Action: A	A-W
DEBUG:root:New state: *********
*R****  *
*    * **
* ** * **
*  A P  *
* * *** *
* * *** *
* *    R*
*********
[(4, 3), (4, 5), 14]


DEBUG:root:Action: P	P-L
DEBUG:root:New state: *********
*R****  *
*    * **
* ** * **
*  AP   *
* * *** *
* * *** *
* *    R*
*********
[(4, 3), (4, 4), 15]


DEBUG:root:graph_search
DEBUG:root:Parameters:1000
	<function heuristic at 0x046DD618>
	<Val:61.08 Vis:178>	Robber1:	(7, 7)
	Robber2:	(1, 1)
	A:	(4, 3)
	P:	(4, 4)
	Round:	15
	Turn:	A
	Models:	{'P': 1.0515357127027719e-10	0.9999999998948464}

DEBUG:root:Action: A	A-W
DEBUG:root:New state: *********
*R****  *
*    * **
* ** * **
*  AP   *
* * *** *
* * *** *
* *    R*
*********
[(4, 3), (4, 4), 16]


DEBUG:root:Action: P	P-U
DEBUG:root:New state: *********
*R****  *
*    * **
* **P* **
*  A    *
* * *** *
* * *** *
* *    R*
*********
[(4, 3), (3, 4), 17]


DEBUG:root:graph_search
DEBUG:root:Parameters:1000
	<function heuristic at 0x046DD618>
	<Val:70.44 Vis:100>	Robber1:	(7, 7)
	Robber2:	(1, 1)
	A:	(4, 3)
	P:	(3, 4)
	Round:	17
	Turn:	A
	Models:	{'P': 0.00010201999591919973	0.9998979800040808}

DEBUG:root:Action: A	A-R
DEBUG:root:New state: *********
*R****  *
*    * **
* **P* **
*   A   *
* * *** *
* * *** *
* *    R*
*********
[(4, 4), (3, 4), 18]


DEBUG:root:Action: P	P-U
DEBUG:root:New state: *********
*R****  *
*   P* **
* ** * **
*   A   *
* * *** *
* * *** *
* *    R*
*********
[(4, 4), (2, 4), 19]


DEBUG:root:graph_search
DEBUG:root:Parameters:1000
	<function heuristic at 0x046DD618>
	<Val:66.17 Vis:256>	Robber1:	(7, 7)
	Robber2:	(1, 1)
	A:	(4, 4)
	P:	(2, 4)
	Round:	19
	Turn:	A
	Models:	{'P': 0.4999999999999993	0.5000000000000008}

DEBUG:root:Action: A	A-R
DEBUG:root:New state: *********
*R****  *
*   P* **
* ** * **
*    A  *
* * *** *
* * *** *
* *    R*
*********
[(4, 5), (2, 4), 20]


DEBUG:root:Action: P	P-L
DEBUG:root:New state: *********
*R****  *
*  P * **
* ** * **
*    A  *
* * *** *
* * *** *
* *    R*
*********
[(4, 5), (2, 3), 21]


DEBUG:root:graph_search
DEBUG:root:Parameters:1000
	<function heuristic at 0x046DD618>
	<Val:63.21 Vis:466>	Robber1:	(7, 7)
	Robber2:	(1, 1)
	A:	(4, 5)
	P:	(2, 3)
	Round:	21
	Turn:	A
	Models:	{'P': 0.0001020199959191998	0.9998979800040808}

DEBUG:root:Action: A	A-L
DEBUG:root:New state: *********
*R****  *
*  P * **
* ** * **
*   A   *
* * *** *
* * *** *
* *    R*
*********
[(4, 4), (2, 3), 22]


DEBUG:root:Action: P	P-L
DEBUG:root:New state: *********
*R****  *
* P  * **
* ** * **
*   A   *
* * *** *
* * *** *
* *    R*
*********
[(4, 4), (2, 2), 23]


DEBUG:root:graph_search
DEBUG:root:Parameters:1000
	<function heuristic at 0x046DD618>
	<Val:64.10 Vis:303>	Robber1:	(7, 7)
	Robber2:	(1, 1)
	A:	(4, 4)
	P:	(2, 2)
	Round:	23
	Turn:	A
	Models:	{'P': 0.0001020199959191998	0.9998979800040808}

DEBUG:root:Action: A	A-U
DEBUG:root:New state: *********
*R****  *
* P  * **
* **A* **
*       *
* * *** *
* * *** *
* *    R*
*********
[(3, 4), (2, 2), 24]


DEBUG:root:Action: P	P-L
DEBUG:root:New state: *********
*R****  *
*P   * **
* **A* **
*       *
* * *** *
* * *** *
* *    R*
*********
[(3, 4), (2, 1), 25]


DEBUG:root:graph_search
DEBUG:root:Parameters:1000
	<function heuristic at 0x046DD618>
	<Val:64.80 Vis:222>	Robber1:	(7, 7)
	Robber2:	(1, 1)
	A:	(3, 4)
	P:	(2, 1)
	Round:	25
	Turn:	A
	Models:	{'P': 1.0515357127027724e-10	0.9999999998948464}

DEBUG:root:Action: A	A-U
DEBUG:root:New state: *********
*R****  *
*P  A* **
* ** * **
*       *
* * *** *
* * *** *
* *    R*
*********
[(2, 4), (2, 1), 26]


DEBUG:root:Action: P	P-U
DEBUG:root:New state: *********
*P****  *
*R  A* **
* ** * **
*       *
* * *** *
* * *** *
* *    R*
*********
[(2, 4), (1, 1), 27]


DEBUG:root:graph_search
DEBUG:root:Parameters:1000
	<function heuristic at 0x046DD618>
	<Val:61.39 Vis:281>	Robber1:	(7, 7)
	Robber2:	(2, 1)
	A:	(2, 4)
	P:	(1, 1)
	Round:	27
	Turn:	A
	Models:	{'P': 0.9998979800040808	0.00010201999591920061}

DEBUG:root:Action: A	A-D
DEBUG:root:New state: *********
*P****  *
*R   * **
* **A* **
*       *
* * *** *
* * *** *
* *    R*
*********
[(3, 4), (1, 1), 28]


DEBUG:root:Action: P	P-D
DEBUG:root:New state: *********
*R****  *
*P   * **
* **A* **
*       *
* * *** *
* * *** *
* *    R*
*********
[(3, 4), (2, 1), 29]


DEBUG:root:graph_search
DEBUG:root:Parameters:1000
	<function heuristic at 0x046DD618>
	<Val:60.42 Vis:328>	Robber1:	(7, 7)
	Robber2:	(1, 1)
	A:	(3, 4)
	P:	(2, 1)
	Round:	29
	Turn:	A
	Models:	{'P': 0.4999999999999987	0.5000000000000013}

DEBUG:root:Action: A	A-D
DEBUG:root:New state: *********
*R****  *
*P   * **
* ** * **
*   A   *
* * *** *
* * *** *
* *    R*
*********
[(4, 4), (2, 1), 30]


DEBUG:root:Action: P	P-U
DEBUG:root:New state: *********
*P****  *
*R   * **
* ** * **
*   A   *
* * *** *
* * *** *
* *    R*
*********
[(4, 4), (1, 1), 31]


DEBUG:root:graph_search
DEBUG:root:Parameters:1000
	<function heuristic at 0x046DD618>
	<Val:57.38 Vis:371>	Robber1:	(7, 7)
	Robber2:	(2, 1)
	A:	(4, 4)
	P:	(1, 1)
	Round:	31
	Turn:	A
	Models:	{'P': 1.0306090899721725e-06	0.99999896939091}

DEBUG:root:Action: A	A-R
DEBUG:root:New state: *********
*P****  *
*R   * **
* ** * **
*    A  *
* * *** *
* * *** *
* *    R*
*********
[(4, 5), (1, 1), 32]


DEBUG:root:Action: P	P-D
DEBUG:root:New state: *********
*R****  *
*P   * **
* ** * **
*    A  *
* * *** *
* * *** *
* *    R*
*********
[(4, 5), (2, 1), 33]


DEBUG:root:graph_search
DEBUG:root:Parameters:1000
	<function heuristic at 0x046DD618>
	<Val:52.28 Vis:163>	Robber1:	(7, 7)
	Robber2:	(1, 1)
	A:	(4, 5)
	P:	(2, 1)
	Round:	33
	Turn:	A
	Models:	{'P': 0.5000000000000008	0.4999999999999993}

DEBUG:root:Action: A	A-W
DEBUG:root:New state: *********
*R****  *
*P   * **
* ** * **
*    A  *
* * *** *
* * *** *
* *    R*
*********
[(4, 5), (2, 1), 34]


DEBUG:root:Action: P	P-U
DEBUG:root:New state: *********
*P****  *
*R   * **
* ** * **
*    A  *
* * *** *
* * *** *
* *    R*
*********
[(4, 5), (1, 1), 35]


DEBUG:root:graph_search
DEBUG:root:Parameters:1000
	<function heuristic at 0x046DD618>
	<Val:53.04 Vis:231>	Robber1:	(7, 7)
	Robber2:	(2, 1)
	A:	(4, 5)
	P:	(1, 1)
	Round:	35
	Turn:	A
	Models:	{'P': 0.010000000000000042	0.9899999999999999}

DEBUG:root:Action: A	A-W
DEBUG:root:New state: *********
*P****  *
*R   * **
* ** * **
*    A  *
* * *** *
* * *** *
* *    R*
*********
[(4, 5), (1, 1), 36]


DEBUG:root:Action: P	P-D
DEBUG:root:New state: *********
*R****  *
*P   * **
* ** * **
*    A  *
* * *** *
* * *** *
* *    R*
*********
[(4, 5), (2, 1), 37]


DEBUG:root:graph_search
DEBUG:root:Parameters:1000
	<function heuristic at 0x046DD618>
	<Val:49.51 Vis:222>	Robber1:	(7, 7)
	Robber2:	(1, 1)
	A:	(4, 5)
	P:	(2, 1)
	Round:	37
	Turn:	A
	Models:	{'P': 0.99999896939091	1.0306090899721676e-06}

DEBUG:root:Action: A	A-W
DEBUG:root:New state: *********
*R****  *
*P   * **
* ** * **
*    A  *
* * *** *
* * *** *
* *    R*
*********
[(4, 5), (2, 1), 38]


DEBUG:root:Action: P	P-U
DEBUG:root:New state: *********
*P****  *
*R   * **
* ** * **
*    A  *
* * *** *
* * *** *
* *    R*
*********
[(4, 5), (1, 1), 39]


DEBUG:root:graph_search
DEBUG:root:Parameters:1000
	<function heuristic at 0x046DD618>
	<Val:48.94 Vis:272>	Robber1:	(7, 7)
	Robber2:	(2, 1)
	A:	(4, 5)
	P:	(1, 1)
	Round:	39
	Turn:	A
	Models:	{'P': 1.0306090899721772e-06	0.99999896939091}

DEBUG:root:Action: A	A-L
DEBUG:root:New state: *********
*P****  *
*R   * **
* ** * **
*   A   *
* * *** *
* * *** *
* *    R*
*********
[(4, 4), (1, 1), 40]


DEBUG:root:Action: P	P-D
DEBUG:root:New state: *********
*R****  *
*P   * **
* ** * **
*   A   *
* * *** *
* * *** *
* *    R*
*********
[(4, 4), (2, 1), 41]


DEBUG:root:graph_search
DEBUG:root:Parameters:1000
	<function heuristic at 0x046DD618>
	<Val:47.01 Vis:494>	Robber1:	(7, 7)
	Robber2:	(1, 1)
	A:	(4, 4)
	P:	(2, 1)
	Round:	41
	Turn:	A
	Models:	{'P': 1.0	1.1057273553218774e-20}

DEBUG:root:Action: A	A-U
DEBUG:root:New state: *********
*R****  *
*P   * **
* **A* **
*       *
* * *** *
* * *** *
* *    R*
*********
[(3, 4), (2, 1), 42]


DEBUG:root:Action: P	P-U
DEBUG:root:New state: *********
*P****  *
*R   * **
* **A* **
*       *
* * *** *
* * *** *
* *    R*
*********
[(3, 4), (1, 1), 43]


DEBUG:root:graph_search
DEBUG:root:Parameters:1000
	<function heuristic at 0x046DD618>
	<Val:46.30 Vis:153>	Robber1:	(7, 7)
	Robber2:	(2, 1)
	A:	(3, 4)
	P:	(1, 1)
	Round:	43
	Turn:	A
	Models:	{'P': 1.0306090899721776e-06	0.99999896939091}

DEBUG:root:Action: A	A-D
DEBUG:root:New state: *********
*P****  *
*R   * **
* ** * **
*   A   *
* * *** *
* * *** *
* *    R*
*********
[(4, 4), (1, 1), 44]


DEBUG:root:Action: P	P-D
DEBUG:root:New state: *********
*R****  *
*P   * **
* ** * **
*   A   *
* * *** *
* * *** *
* *    R*
*********
[(4, 4), (2, 1), 45]


DEBUG:root:graph_search
DEBUG:root:Parameters:1000
	<function heuristic at 0x046DD618>
	<Val:44.03 Vis:108>	Robber1:	(7, 7)
	Robber2:	(1, 1)
	A:	(4, 4)
	P:	(2, 1)
	Round:	45
	Turn:	A
	Models:	{'P': 1.0515357127027817e-10	0.9999999998948464}

DEBUG:root:Action: A	A-W
DEBUG:root:New state: *********
*R****  *
*P   * **
* ** * **
*   A   *
* * *** *
* * *** *
* *    R*
*********
[(4, 4), (2, 1), 46]


DEBUG:root:Action: P	P-R
DEBUG:root:New state: *********
*R****  *
* P  * **
* ** * **
*   A   *
* * *** *
* * *** *
* *    R*
*********
[(4, 4), (2, 2), 47]


DEBUG:root:graph_search
DEBUG:root:Parameters:1000
	<function heuristic at 0x046DD618>
	<Val:41.03 Vis:79>	Robber1:	(7, 7)
	Robber2:	(1, 1)
	A:	(4, 4)
	P:	(2, 2)
	Round:	47
	Turn:	A
	Models:	{'P': 0.5000000000000011	0.49999999999999895}

DEBUG:root:Action: A	A-W
DEBUG:root:New state: *********
*R****  *
* P  * **
* ** * **
*   A   *
* * *** *
* * *** *
* *    R*
*********
[(4, 4), (2, 2), 48]


DEBUG:root:Action: P	P-L
DEBUG:root:New state: *********
*R****  *
*P   * **
* ** * **
*   A   *
* * *** *
* * *** *
* *    R*
*********
[(4, 4), (2, 1), 49]


DEBUG:root:graph_search
DEBUG:root:Parameters:1000
	<function heuristic at 0x046DD618>
	<Val:40.01 Vis:282>	Robber1:	(7, 7)
	Robber2:	(1, 1)
	A:	(4, 4)
	P:	(2, 1)
	Round:	49
	Turn:	A
	Models:	{'P': 1.094670081768668e-18	1.0}

DEBUG:root:Action: A	A-R
DEBUG:root:New state: *********
*R****  *
*P   * **
* ** * **
*    A  *
* * *** *
* * *** *
* *    R*
*********
[(4, 5), (2, 1), 50]


DEBUG:root:Action: P	P-U
DEBUG:root:New state: *********
*P****  *
*R   * **
* ** * **
*    A  *
* * *** *
* * *** *
* *    R*
*********
[(4, 5), (1, 1), 51]


DEBUG:root:graph_search
DEBUG:root:Parameters:1000
	<function heuristic at 0x046DD618>
	<Val:35.70 Vis:173>	Robber1:	(7, 7)
	Robber2:	(2, 1)
	A:	(4, 5)
	P:	(1, 1)
	Round:	51
	Turn:	A
	Models:	{'P': 0.00010201999591920087	0.9998979800040808}

DEBUG:root:Action: A	A-L
DEBUG:root:New state: *********
*P****  *
*R   * **
* ** * **
*   A   *
* * *** *
* * *** *
* *    R*
*********
[(4, 4), (1, 1), 52]


DEBUG:root:Action: P	P-D
DEBUG:root:New state: *********
*R****  *
*P   * **
* ** * **
*   A   *
* * *** *
* * *** *
* *    R*
*********
[(4, 4), (2, 1), 53]


DEBUG:root:graph_search
DEBUG:root:Parameters:1000
	<function heuristic at 0x046DD618>
	<Val:32.41 Vis:913>	Robber1:	(7, 7)
	Robber2:	(1, 1)
	A:	(4, 4)
	P:	(2, 1)
	Round:	53
	Turn:	A
	Models:	{'P': 0.9999999999989378	1.0621572856689174e-12}

DEBUG:root:Action: A	A-U
DEBUG:root:New state: *********
*R****  *
*P   * **
* **A* **
*       *
* * *** *
* * *** *
* *    R*
*********
[(3, 4), (2, 1), 54]


DEBUG:root:Action: P	P-U
DEBUG:root:New state: *********
*P****  *
*R   * **
* **A* **
*       *
* * *** *
* * *** *
* *    R*
*********
[(3, 4), (1, 1), 55]


DEBUG:root:graph_search
DEBUG:root:Parameters:1000
	<function heuristic at 0x046DD618>
	<Val:33.05 Vis:132>	Robber1:	(7, 7)
	Robber2:	(2, 1)
	A:	(3, 4)
	P:	(1, 1)
	Round:	55
	Turn:	A
	Models:	{'P': 1.0306090899721793e-06	0.99999896939091}

DEBUG:root:Action: A	A-W
DEBUG:root:New state: *********
*P****  *
*R   * **
* **A* **
*       *
* * *** *
* * *** *
* *    R*
*********
[(3, 4), (1, 1), 56]


DEBUG:root:Action: P	P-D
DEBUG:root:New state: *********
*R****  *
*P   * **
* **A* **
*       *
* * *** *
* * *** *
* *    R*
*********
[(3, 4), (2, 1), 57]


DEBUG:root:graph_search
DEBUG:root:Parameters:1000
	<function heuristic at 0x046DD618>
	<Val:32.65 Vis:146>	Robber1:	(7, 7)
	Robber2:	(1, 1)
	A:	(3, 4)
	P:	(2, 1)
	Round:	57
	Turn:	A
	Models:	{'P': 0.010000000000000056	0.99}

DEBUG:root:Action: A	A-W
DEBUG:root:New state: *********
*R****  *
*P   * **
* **A* **
*       *
* * *** *
* * *** *
* *    R*
*********
[(3, 4), (2, 1), 58]


DEBUG:root:Action: P	P-U
DEBUG:root:New state: *********
*P****  *
*R   * **
* **A* **
*       *
* * *** *
* * *** *
* *    R*
*********
[(3, 4), (1, 1), 59]


DEBUG:root:graph_search
DEBUG:root:Parameters:1000
	<function heuristic at 0x046DD618>
	<Val:0.62 Vis:19>	Robber1:	(7, 7)
	Robber2:	(2, 1)
	A:	(3, 4)
	P:	(1, 1)
	Round:	59
	Turn:	A
	Models:	{'P': 0.9999999998948464	1.05153571270277e-10}

DEBUG:root:Action: A	A-D
DEBUG:root:New state: *********
*P****  *
*R   * **
* ** * **
*   A   *
* * *** *
* * *** *
* *    R*
*********
[(4, 4), (1, 1), 60]


DEBUG:root:Action: P	P-D
DEBUG:root:New state: *********
*R****  *
*P   * **
* ** * **
*   A   *
* * *** *
* * *** *
* *    R*
*********
[(4, 4), (2, 1), 61]


DEBUG:root:graph_search
DEBUG:root:Parameters:1000
	<function heuristic at 0x046DD618>
	<Val:26.75 Vis:264>	Robber1:	(7, 7)
	Robber2:	(1, 1)
	A:	(4, 4)
	P:	(2, 1)
	Round:	61
	Turn:	A
	Models:	{'P': 0.99999896939091	1.0306090899721695e-06}

DEBUG:root:Action: A	A-L
DEBUG:root:New state: *********
*R****  *
*P   * **
* ** * **
*  A    *
* * *** *
* * *** *
* *    R*
*********
[(4, 3), (2, 1), 62]


DEBUG:root:Action: P	P-U
DEBUG:root:New state: *********
*P****  *
*R   * **
* ** * **
*  A    *
* * *** *
* * *** *
* *    R*
*********
[(4, 3), (1, 1), 63]


DEBUG:root:graph_search
DEBUG:root:Parameters:1000
	<function heuristic at 0x046DD618>
	<Val:24.46 Vis:306>	Robber1:	(7, 7)
	Robber2:	(2, 1)
	A:	(4, 3)
	P:	(1, 1)
	Round:	63
	Turn:	A
	Models:	{'P': 0.9999999998948464	1.0515357127027726e-10}

DEBUG:root:Action: A	A-L
DEBUG:root:New state: *********
*P****  *
*R   * **
* ** * **
* A     *
* * *** *
* * *** *
* *    R*
*********
[(4, 2), (1, 1), 64]


DEBUG:root:Action: P	P-D
DEBUG:root:New state: *********
*R****  *
*P   * **
* ** * **
* A     *
* * *** *
* * *** *
* *    R*
*********
[(4, 2), (2, 1), 65]


DEBUG:root:graph_search
DEBUG:root:Parameters:1000
	<function heuristic at 0x046DD618>
	<Val:24.52 Vis:147>	Robber1:	(7, 7)
	Robber2:	(1, 1)
	A:	(4, 2)
	P:	(2, 1)
	Round:	65
	Turn:	A
	Models:	{'P': 0.00010201999591920073	0.9998979800040808}

DEBUG:root:Action: A	A-W
DEBUG:root:New state: *********
*R****  *
*P   * **
* ** * **
* A     *
* * *** *
* * *** *
* *    R*
*********
[(4, 2), (2, 1), 66]


DEBUG:root:Action: P	P-U
DEBUG:root:New state: *********
*P****  *
*R   * **
* ** * **
* A     *
* * *** *
* * *** *
* *    R*
*********
[(4, 2), (1, 1), 67]


DEBUG:root:graph_search
DEBUG:root:Parameters:1000
	<function heuristic at 0x046DD618>
	<Val:22.77 Vis:207>	Robber1:	(7, 7)
	Robber2:	(2, 1)
	A:	(4, 2)
	P:	(1, 1)
	Round:	67
	Turn:	A
	Models:	{'P': 0.9999999999999892	1.0728861471414512e-14}

DEBUG:root:Action: A	A-W
DEBUG:root:New state: *********
*P****  *
*R   * **
* ** * **
* A     *
* * *** *
* * *** *
* *    R*
*********
[(4, 2), (1, 1), 68]


DEBUG:root:Action: P	P-D
DEBUG:root:New state: *********
*R****  *
*P   * **
* ** * **
* A     *
* * *** *
* * *** *
* *    R*
*********
[(4, 2), (2, 1), 69]


DEBUG:root:graph_search
DEBUG:root:Parameters:1000
	<function heuristic at 0x046DD618>
	<Val:20.61 Vis:402>	Robber1:	(7, 7)
	Robber2:	(1, 1)
	A:	(4, 2)
	P:	(2, 1)
	Round:	69
	Turn:	A
	Models:	{'P': 0.9999999895897965	1.0410203448479797e-08}

DEBUG:root:Action: A	A-L
DEBUG:root:New state: *********
*R****  *
*P   * **
* ** * **
*A      *
* * *** *
* * *** *
* *    R*
*********
[(4, 1), (2, 1), 70]


DEBUG:root:Action: P	P-U
DEBUG:root:New state: *********
*P****  *
*R   * **
* ** * **
*A      *
* * *** *
* * *** *
* *    R*
*********
[(4, 1), (1, 1), 71]


DEBUG:root:graph_search
DEBUG:root:Parameters:1000
	<function heuristic at 0x046DD618>
	<Val:19.00 Vis:248>	Robber1:	(7, 7)
	Robber2:	(2, 1)
	A:	(4, 1)
	P:	(1, 1)
	Round:	71
	Turn:	A
	Models:	{'P': 1.0410203448479837e-08	0.9999999895897965}

DEBUG:root:Action: A	A-U
DEBUG:root:New state: *********
*P****  *
*R   * **
*A** * **
*       *
* * *** *
* * *** *
* *    R*
*********
[(3, 1), (1, 1), 72]


DEBUG:root:Action: P	P-D
DEBUG:root:New state: *********
*R****  *
*P   * **
*A** * **
*       *
* * *** *
* * *** *
* *    R*
*********
[(3, 1), (2, 1), 73]


DEBUG:root:graph_search
DEBUG:root:Parameters:1000
	<function heuristic at 0x046DD618>
	<Val:21.30 Vis:345>	Robber1:	(7, 7)
	Robber2:	(1, 1)
	A:	(3, 1)
	P:	(2, 1)
	Round:	73
	Turn:	A
	Models:	{'P': 0.99	0.01000000000000001}

DEBUG:root:Action: A	A-U
DEBUG:root:New state: *********
*R****  *
*P   * **
* ** * **
*       *
* * *** *
* * *** *
* *    R*
*********
[(2, 1), (2, 1), 74]


DEBUG:root:Action: P	P-U
DEBUG:root:New state: *********
*R****  *
*A   * **
* ** * **
*       *
* * *** *
* * *** *
* *    R*
*********
[(2, 1), (1, 1), 75]


DEBUG:root:graph_search
DEBUG:root:Parameters:1000
	<function heuristic at 0x046DD618>
	<Val:48.00 Vis:386>	Robber1:	(7, 7)
	Robber2:	(1, 1)
	A:	(2, 1)
	P:	(1, 1)
	Round:	75
	Turn:	A
	Models:	{'P': 0.99	0.009999999999999997}

DEBUG:root:Action: A	A-U
DEBUG:root:New state: *********
*R****  *
*    * **
* ** * **
*       *
* * *** *
* * *** *
* *    R*
*********
[(1, 1), (1, 1), 76]


